CRITICAL - 2022-11-19 10:14:10 --> Undefined variable: antrianModel
#0 C:\xampp\htdocs\cafein\app\Controllers\Antrian.php(56): CodeIgniter\Debug\Exceptions->errorHandler(8, 'Undefined varia...', 'C:\\xampp\\htdocs...', 56, Array)
#1 C:\xampp\htdocs\cafein\system\CodeIgniter.php(824): App\Controllers\Antrian->hapus()
#2 C:\xampp\htdocs\cafein\system\CodeIgniter.php(410): CodeIgniter\CodeIgniter->runController(Object(App\Controllers\Antrian))
#3 C:\xampp\htdocs\cafein\system\CodeIgniter.php(318): CodeIgniter\CodeIgniter->handleRequest(NULL, Object(Config\Cache), false)
#4 C:\xampp\htdocs\cafein\index.php(37): CodeIgniter\CodeIgniter->run()
#5 {main}
CRITICAL - 2022-11-19 10:14:24 --> Undefined variable: antrianModel
#0 C:\xampp\htdocs\cafein\app\Controllers\Antrian.php(56): CodeIgniter\Debug\Exceptions->errorHandler(8, 'Undefined varia...', 'C:\\xampp\\htdocs...', 56, Array)
#1 C:\xampp\htdocs\cafein\system\CodeIgniter.php(824): App\Controllers\Antrian->hapus()
#2 C:\xampp\htdocs\cafein\system\CodeIgniter.php(410): CodeIgniter\CodeIgniter->runController(Object(App\Controllers\Antrian))
#3 C:\xampp\htdocs\cafein\system\CodeIgniter.php(318): CodeIgniter\CodeIgniter->handleRequest(NULL, Object(Config\Cache), false)
#4 C:\xampp\htdocs\cafein\index.php(37): CodeIgniter\CodeIgniter->run()
#5 {main}
CRITICAL - 2022-11-19 10:15:24 --> Undefined variable: totalTime
#0 C:\xampp\htdocs\cafein\system\Debug\Toolbar\Views\toolbar.tpl.php(40): CodeIgniter\Debug\Exceptions->errorHandler(8, 'Undefined varia...', 'C:\\xampp\\htdocs...', 40, Array)
#1 C:\xampp\htdocs\cafein\system\Debug\Toolbar.php(497): include('C:\\xampp\\htdocs...')
#2 C:\xampp\htdocs\cafein\system\Debug\Toolbar.php(460): CodeIgniter\Debug\Toolbar->format(Array, 'html')
#3 C:\xampp\htdocs\cafein\app\Config\Events.php(48): CodeIgniter\Debug\Toolbar->respond()
#4 C:\xampp\htdocs\cafein\system\Events\Events.php(149): CodeIgniter\Events\Events::Config\{closure}()
#5 C:\xampp\htdocs\cafein\system\CodeIgniter.php(300): CodeIgniter\Events\Events::trigger('pre_system')
#6 C:\xampp\htdocs\cafein\index.php(37): CodeIgniter\CodeIgniter->run()
#7 {main}
CRITICAL - 2022-11-19 10:15:37 --> Undefined variable: antrianModel
#0 C:\xampp\htdocs\cafein\app\Controllers\Antrian.php(56): CodeIgniter\Debug\Exceptions->errorHandler(8, 'Undefined varia...', 'C:\\xampp\\htdocs...', 56, Array)
#1 C:\xampp\htdocs\cafein\system\CodeIgniter.php(824): App\Controllers\Antrian->hapus()
#2 C:\xampp\htdocs\cafein\system\CodeIgniter.php(410): CodeIgniter\CodeIgniter->runController(Object(App\Controllers\Antrian))
#3 C:\xampp\htdocs\cafein\system\CodeIgniter.php(318): CodeIgniter\CodeIgniter->handleRequest(NULL, Object(Config\Cache), false)
#4 C:\xampp\htdocs\cafein\index.php(37): CodeIgniter\CodeIgniter->run()
#5 {main}
CRITICAL - 2022-11-19 10:16:58 --> Undefined variable: antrianModel
#0 C:\xampp\htdocs\cafein\app\Controllers\Antrian.php(56): CodeIgniter\Debug\Exceptions->errorHandler(8, 'Undefined varia...', 'C:\\xampp\\htdocs...', 56, Array)
#1 C:\xampp\htdocs\cafein\system\CodeIgniter.php(824): App\Controllers\Antrian->hapus()
#2 C:\xampp\htdocs\cafein\system\CodeIgniter.php(410): CodeIgniter\CodeIgniter->runController(Object(App\Controllers\Antrian))
#3 C:\xampp\htdocs\cafein\system\CodeIgniter.php(318): CodeIgniter\CodeIgniter->handleRequest(NULL, Object(Config\Cache), false)
#4 C:\xampp\htdocs\cafein\index.php(37): CodeIgniter\CodeIgniter->run()
#5 {main}
ERROR - 2022-11-19 10:17:25 --> Cannot delete or update a parent row: a foreign key constraint fails (`cafein`.`transaksi`, CONSTRAINT `transaksi_ibfk_1` FOREIGN KEY (`idAntrian`) REFERENCES `antrian` (`id`) ON UPDATE CASCADE)
CRITICAL - 2022-11-19 10:17:25 --> Cannot delete or update a parent row: a foreign key constraint fails (`cafein`.`transaksi`, CONSTRAINT `transaksi_ibfk_1` FOREIGN KEY (`idAntrian`) REFERENCES `antrian` (`id`) ON UPDATE CASCADE)
#0 C:\xampp\htdocs\cafein\system\Database\MySQLi\Connection.php(292): mysqli->query('DELETE FROM `an...', 0)
#1 C:\xampp\htdocs\cafein\system\Database\BaseConnection.php(670): CodeIgniter\Database\MySQLi\Connection->execute('DELETE FROM `an...')
#2 C:\xampp\htdocs\cafein\system\Database\BaseConnection.php(598): CodeIgniter\Database\BaseConnection->simpleQuery('DELETE FROM `an...')
#3 C:\xampp\htdocs\cafein\system\Database\BaseBuilder.php(2213): CodeIgniter\Database\BaseConnection->query('DELETE FROM `an...', Array, false)
#4 C:\xampp\htdocs\cafein\system\Model.php(359): CodeIgniter\Database\BaseBuilder->delete()
#5 C:\xampp\htdocs\cafein\system\BaseModel.php(963): CodeIgniter\Model->doDelete(Array, false)
#6 C:\xampp\htdocs\cafein\app\Controllers\Antrian.php(56): CodeIgniter\BaseModel->delete(Array)
#7 C:\xampp\htdocs\cafein\system\CodeIgniter.php(824): App\Controllers\Antrian->hapus()
#8 C:\xampp\htdocs\cafein\system\CodeIgniter.php(410): CodeIgniter\CodeIgniter->runController(Object(App\Controllers\Antrian))
#9 C:\xampp\htdocs\cafein\system\CodeIgniter.php(318): CodeIgniter\CodeIgniter->handleRequest(NULL, Object(Config\Cache), false)
#10 C:\xampp\htdocs\cafein\index.php(37): CodeIgniter\CodeIgniter->run()
#11 {main}
CRITICAL - 2022-11-19 10:29:32 --> Undefined variable: totalTime
#0 C:\xampp\htdocs\cafein\system\Debug\Toolbar\Views\toolbar.tpl.php(40): CodeIgniter\Debug\Exceptions->errorHandler(8, 'Undefined varia...', 'C:\\xampp\\htdocs...', 40, Array)
#1 C:\xampp\htdocs\cafein\system\Debug\Toolbar.php(497): include('C:\\xampp\\htdocs...')
#2 C:\xampp\htdocs\cafein\system\Debug\Toolbar.php(460): CodeIgniter\Debug\Toolbar->format(Array, 'html')
#3 C:\xampp\htdocs\cafein\app\Config\Events.php(48): CodeIgniter\Debug\Toolbar->respond()
#4 C:\xampp\htdocs\cafein\system\Events\Events.php(149): CodeIgniter\Events\Events::Config\{closure}()
#5 C:\xampp\htdocs\cafein\system\CodeIgniter.php(300): CodeIgniter\Events\Events::trigger('pre_system')
#6 C:\xampp\htdocs\cafein\index.php(37): CodeIgniter\CodeIgniter->run()
#7 {main}
ERROR - 2022-11-19 10:31:04 --> Cannot delete or update a parent row: a foreign key constraint fails (`cafein`.`transaksi`, CONSTRAINT `transaksi_ibfk_1` FOREIGN KEY (`idAntrian`) REFERENCES `antrian` (`id`) ON UPDATE CASCADE)
CRITICAL - 2022-11-19 10:31:04 --> Cannot delete or update a parent row: a foreign key constraint fails (`cafein`.`transaksi`, CONSTRAINT `transaksi_ibfk_1` FOREIGN KEY (`idAntrian`) REFERENCES `antrian` (`id`) ON UPDATE CASCADE)
#0 C:\xampp\htdocs\cafein\system\Database\MySQLi\Connection.php(292): mysqli->query('DELETE FROM `an...', 0)
#1 C:\xampp\htdocs\cafein\system\Database\BaseConnection.php(670): CodeIgniter\Database\MySQLi\Connection->execute('DELETE FROM `an...')
#2 C:\xampp\htdocs\cafein\system\Database\BaseConnection.php(598): CodeIgniter\Database\BaseConnection->simpleQuery('DELETE FROM `an...')
#3 C:\xampp\htdocs\cafein\system\Database\BaseBuilder.php(2213): CodeIgniter\Database\BaseConnection->query('DELETE FROM `an...', Array, false)
#4 C:\xampp\htdocs\cafein\system\Model.php(359): CodeIgniter\Database\BaseBuilder->delete()
#5 C:\xampp\htdocs\cafein\system\BaseModel.php(963): CodeIgniter\Model->doDelete(Array, false)
#6 C:\xampp\htdocs\cafein\app\Controllers\Antrian.php(56): CodeIgniter\BaseModel->delete(Array)
#7 C:\xampp\htdocs\cafein\system\CodeIgniter.php(824): App\Controllers\Antrian->hapus()
#8 C:\xampp\htdocs\cafein\system\CodeIgniter.php(410): CodeIgniter\CodeIgniter->runController(Object(App\Controllers\Antrian))
#9 C:\xampp\htdocs\cafein\system\CodeIgniter.php(318): CodeIgniter\CodeIgniter->handleRequest(NULL, Object(Config\Cache), false)
#10 C:\xampp\htdocs\cafein\index.php(37): CodeIgniter\CodeIgniter->run()
#11 {main}
CRITICAL - 2022-11-19 10:36:10 --> Undefined variable: totalTime
#0 C:\xampp\htdocs\cafein\system\Debug\Toolbar\Views\toolbar.tpl.php(40): CodeIgniter\Debug\Exceptions->errorHandler(8, 'Undefined varia...', 'C:\\xampp\\htdocs...', 40, Array)
#1 C:\xampp\htdocs\cafein\system\Debug\Toolbar.php(497): include('C:\\xampp\\htdocs...')
#2 C:\xampp\htdocs\cafein\system\Debug\Toolbar.php(460): CodeIgniter\Debug\Toolbar->format(Array, 'html')
#3 C:\xampp\htdocs\cafein\app\Config\Events.php(48): CodeIgniter\Debug\Toolbar->respond()
#4 C:\xampp\htdocs\cafein\system\Events\Events.php(149): CodeIgniter\Events\Events::Config\{closure}()
#5 C:\xampp\htdocs\cafein\system\CodeIgniter.php(300): CodeIgniter\Events\Events::trigger('pre_system')
#6 C:\xampp\htdocs\cafein\index.php(37): CodeIgniter\CodeIgniter->run()
#7 {main}
