CRITICAL - 2022-11-20 05:21:57 --> Trying to get property 'index' of non-object
#0 C:\xampp\htdocs\cafein\app\Views\report\laporan_report.php(40): CodeIgniter\Debug\Exceptions->errorHandler(8, 'Trying to get p...', 'C:\\xampp\\htdocs...', 40, Array)
#1 C:\xampp\htdocs\cafein\system\View\View.php(214): include('C:\\xampp\\htdocs...')
#2 C:\xampp\htdocs\cafein\system\View\View.php(217): CodeIgniter\View\View->CodeIgniter\View\{closure}()
#3 C:\xampp\htdocs\cafein\system\Common.php(1097): CodeIgniter\View\View->render('report/laporan_...', Array, true)
#4 C:\xampp\htdocs\cafein\app\Controllers\Laporan.php(110): view('report/laporan_...', Array)
#5 C:\xampp\htdocs\cafein\system\CodeIgniter.php(824): App\Controllers\Laporan->print_pdf()
#6 C:\xampp\htdocs\cafein\system\CodeIgniter.php(410): CodeIgniter\CodeIgniter->runController(Object(App\Controllers\Laporan))
#7 C:\xampp\htdocs\cafein\system\CodeIgniter.php(318): CodeIgniter\CodeIgniter->handleRequest(NULL, Object(Config\Cache), false)
#8 C:\xampp\htdocs\cafein\index.php(37): CodeIgniter\CodeIgniter->run()
#9 {main}
CRITICAL - 2022-11-20 05:22:43 --> Trying to get property 'tanggal' of non-object
#0 C:\xampp\htdocs\cafein\app\Views\report\laporan_report.php(41): CodeIgniter\Debug\Exceptions->errorHandler(8, 'Trying to get p...', 'C:\\xampp\\htdocs...', 41, Array)
#1 C:\xampp\htdocs\cafein\system\View\View.php(214): include('C:\\xampp\\htdocs...')
#2 C:\xampp\htdocs\cafein\system\View\View.php(217): CodeIgniter\View\View->CodeIgniter\View\{closure}()
#3 C:\xampp\htdocs\cafein\system\Common.php(1097): CodeIgniter\View\View->render('report/laporan_...', Array, true)
#4 C:\xampp\htdocs\cafein\app\Controllers\Laporan.php(110): view('report/laporan_...', Array)
#5 C:\xampp\htdocs\cafein\system\CodeIgniter.php(824): App\Controllers\Laporan->print_pdf()
#6 C:\xampp\htdocs\cafein\system\CodeIgniter.php(410): CodeIgniter\CodeIgniter->runController(Object(App\Controllers\Laporan))
#7 C:\xampp\htdocs\cafein\system\CodeIgniter.php(318): CodeIgniter\CodeIgniter->handleRequest(NULL, Object(Config\Cache), false)
#8 C:\xampp\htdocs\cafein\index.php(37): CodeIgniter\CodeIgniter->run()
#9 {main}
CRITICAL - 2022-11-20 05:24:48 --> Undefined variable: data
#0 C:\xampp\htdocs\cafein\app\Views\report\laporan_report.php(36): CodeIgniter\Debug\Exceptions->errorHandler(8, 'Undefined varia...', 'C:\\xampp\\htdocs...', 36, Array)
#1 C:\xampp\htdocs\cafein\system\View\View.php(214): include('C:\\xampp\\htdocs...')
#2 C:\xampp\htdocs\cafein\system\View\View.php(217): CodeIgniter\View\View->CodeIgniter\View\{closure}()
#3 C:\xampp\htdocs\cafein\system\Common.php(1097): CodeIgniter\View\View->render('report/laporan_...', Array, true)
#4 C:\xampp\htdocs\cafein\app\Controllers\Laporan.php(111): view('report/laporan_...', Array)
#5 C:\xampp\htdocs\cafein\system\CodeIgniter.php(824): App\Controllers\Laporan->print_pdf()
#6 C:\xampp\htdocs\cafein\system\CodeIgniter.php(410): CodeIgniter\CodeIgniter->runController(Object(App\Controllers\Laporan))
#7 C:\xampp\htdocs\cafein\system\CodeIgniter.php(318): CodeIgniter\CodeIgniter->handleRequest(NULL, Object(Config\Cache), false)
#8 C:\xampp\htdocs\cafein\index.php(37): CodeIgniter\CodeIgniter->run()
#9 {main}
CRITICAL - 2022-11-20 05:25:31 --> Trying to get property 'tanggal' of non-object
#0 C:\xampp\htdocs\cafein\app\Views\report\laporan_report.php(41): CodeIgniter\Debug\Exceptions->errorHandler(8, 'Trying to get p...', 'C:\\xampp\\htdocs...', 41, Array)
#1 C:\xampp\htdocs\cafein\system\View\View.php(214): include('C:\\xampp\\htdocs...')
#2 C:\xampp\htdocs\cafein\system\View\View.php(217): CodeIgniter\View\View->CodeIgniter\View\{closure}()
#3 C:\xampp\htdocs\cafein\system\Common.php(1097): CodeIgniter\View\View->render('report/laporan_...', Array, true)
#4 C:\xampp\htdocs\cafein\app\Controllers\Laporan.php(111): view('report/laporan_...', Array)
#5 C:\xampp\htdocs\cafein\system\CodeIgniter.php(824): App\Controllers\Laporan->print_pdf()
#6 C:\xampp\htdocs\cafein\system\CodeIgniter.php(410): CodeIgniter\CodeIgniter->runController(Object(App\Controllers\Laporan))
#7 C:\xampp\htdocs\cafein\system\CodeIgniter.php(318): CodeIgniter\CodeIgniter->handleRequest(NULL, Object(Config\Cache), false)
#8 C:\xampp\htdocs\cafein\index.php(37): CodeIgniter\CodeIgniter->run()
#9 {main}
CRITICAL - 2022-11-20 05:25:59 --> Call to a member function result() on array
#0 C:\xampp\htdocs\cafein\system\CodeIgniter.php(824): App\Controllers\Laporan->print_pdf()
#1 C:\xampp\htdocs\cafein\system\CodeIgniter.php(410): CodeIgniter\CodeIgniter->runController(Object(App\Controllers\Laporan))
#2 C:\xampp\htdocs\cafein\system\CodeIgniter.php(318): CodeIgniter\CodeIgniter->handleRequest(NULL, Object(Config\Cache), false)
#3 C:\xampp\htdocs\cafein\index.php(37): CodeIgniter\CodeIgniter->run()
#4 {main}
CRITICAL - 2022-11-20 05:26:40 --> Call to a member function getResult() on array
#0 C:\xampp\htdocs\cafein\system\CodeIgniter.php(824): App\Controllers\Laporan->print_pdf()
#1 C:\xampp\htdocs\cafein\system\CodeIgniter.php(410): CodeIgniter\CodeIgniter->runController(Object(App\Controllers\Laporan))
#2 C:\xampp\htdocs\cafein\system\CodeIgniter.php(318): CodeIgniter\CodeIgniter->handleRequest(NULL, Object(Config\Cache), false)
#3 C:\xampp\htdocs\cafein\index.php(37): CodeIgniter\CodeIgniter->run()
#4 {main}
CRITICAL - 2022-11-20 05:27:07 --> Call to a member function get() on array
#0 C:\xampp\htdocs\cafein\system\CodeIgniter.php(824): App\Controllers\Laporan->print_pdf()
#1 C:\xampp\htdocs\cafein\system\CodeIgniter.php(410): CodeIgniter\CodeIgniter->runController(Object(App\Controllers\Laporan))
#2 C:\xampp\htdocs\cafein\system\CodeIgniter.php(318): CodeIgniter\CodeIgniter->handleRequest(NULL, Object(Config\Cache), false)
#3 C:\xampp\htdocs\cafein\index.php(37): CodeIgniter\CodeIgniter->run()
#4 {main}
CRITICAL - 2022-11-20 05:28:50 --> Trying to get property 'tanggal' of non-object
#0 C:\xampp\htdocs\cafein\app\Views\report\laporan_report.php(41): CodeIgniter\Debug\Exceptions->errorHandler(8, 'Trying to get p...', 'C:\\xampp\\htdocs...', 41, Array)
#1 C:\xampp\htdocs\cafein\system\View\View.php(214): include('C:\\xampp\\htdocs...')
#2 C:\xampp\htdocs\cafein\system\View\View.php(217): CodeIgniter\View\View->CodeIgniter\View\{closure}()
#3 C:\xampp\htdocs\cafein\system\Common.php(1097): CodeIgniter\View\View->render('report/laporan_...', Array, true)
#4 C:\xampp\htdocs\cafein\app\Controllers\Laporan.php(111): view('report/laporan_...', Array)
#5 C:\xampp\htdocs\cafein\system\CodeIgniter.php(824): App\Controllers\Laporan->print_pdf()
#6 C:\xampp\htdocs\cafein\system\CodeIgniter.php(410): CodeIgniter\CodeIgniter->runController(Object(App\Controllers\Laporan))
#7 C:\xampp\htdocs\cafein\system\CodeIgniter.php(318): CodeIgniter\CodeIgniter->handleRequest(NULL, Object(Config\Cache), false)
#8 C:\xampp\htdocs\cafein\index.php(37): CodeIgniter\CodeIgniter->run()
#9 {main}
CRITICAL - 2022-11-20 05:31:17 --> Undefined offset: 0
#0 C:\xampp\htdocs\cafein\app\Views\report\laporan_report.php(41): CodeIgniter\Debug\Exceptions->errorHandler(8, 'Undefined offse...', 'C:\\xampp\\htdocs...', 41, Array)
#1 C:\xampp\htdocs\cafein\system\View\View.php(214): include('C:\\xampp\\htdocs...')
#2 C:\xampp\htdocs\cafein\system\View\View.php(217): CodeIgniter\View\View->CodeIgniter\View\{closure}()
#3 C:\xampp\htdocs\cafein\system\Common.php(1097): CodeIgniter\View\View->render('report/laporan_...', Array, true)
#4 C:\xampp\htdocs\cafein\app\Controllers\Laporan.php(111): view('report/laporan_...', Array)
#5 C:\xampp\htdocs\cafein\system\CodeIgniter.php(824): App\Controllers\Laporan->print_pdf()
#6 C:\xampp\htdocs\cafein\system\CodeIgniter.php(410): CodeIgniter\CodeIgniter->runController(Object(App\Controllers\Laporan))
#7 C:\xampp\htdocs\cafein\system\CodeIgniter.php(318): CodeIgniter\CodeIgniter->handleRequest(NULL, Object(Config\Cache), false)
#8 C:\xampp\htdocs\cafein\index.php(37): CodeIgniter\CodeIgniter->run()
#9 {main}
CRITICAL - 2022-11-20 05:31:55 --> Undefined offset: 0
#0 C:\xampp\htdocs\cafein\app\Views\report\laporan_report.php(41): CodeIgniter\Debug\Exceptions->errorHandler(8, 'Undefined offse...', 'C:\\xampp\\htdocs...', 41, Array)
#1 C:\xampp\htdocs\cafein\system\View\View.php(214): include('C:\\xampp\\htdocs...')
#2 C:\xampp\htdocs\cafein\system\View\View.php(217): CodeIgniter\View\View->CodeIgniter\View\{closure}()
#3 C:\xampp\htdocs\cafein\system\Common.php(1097): CodeIgniter\View\View->render('report/laporan_...', Array, true)
#4 C:\xampp\htdocs\cafein\app\Controllers\Laporan.php(111): view('report/laporan_...', Array)
#5 C:\xampp\htdocs\cafein\system\CodeIgniter.php(824): App\Controllers\Laporan->print_pdf()
#6 C:\xampp\htdocs\cafein\system\CodeIgniter.php(410): CodeIgniter\CodeIgniter->runController(Object(App\Controllers\Laporan))
#7 C:\xampp\htdocs\cafein\system\CodeIgniter.php(318): CodeIgniter\CodeIgniter->handleRequest(NULL, Object(Config\Cache), false)
#8 C:\xampp\htdocs\cafein\index.php(37): CodeIgniter\CodeIgniter->run()
#9 {main}
